[GIN] 2023/11/22 - 16:36:56 | 200 |            0s |             ::1 | OPTIONS  "/api/layout/info"
[GIN] 2023/11/22 - 16:36:56 | 200 |      1.4307ms |             ::1 | GET      "/api/layout/info"
[GIN] 2023/11/22 - 16:36:57 | 200 |            0s |             ::1 | OPTIONS  "/api/layout/info"
[GIN] 2023/11/22 - 16:36:57 | 200 |       560.6µs |             ::1 | GET      "/api/layout/info"
[GIN] 2023/11/22 - 16:36:58 | 200 |            0s |             ::1 | OPTIONS  "/api/layout/info"
[GIN] 2023/11/22 - 16:36:58 | 200 |      1.4554ms |             ::1 | GET      "/api/layout/info"
[GIN] 2023/11/22 - 16:36:59 | 200 |            0s |             ::1 | OPTIONS  "/api/layout/info"
[GIN] 2023/11/22 - 16:36:59 | 200 |      1.9012ms |             ::1 | GET      "/api/layout/info"
[GIN] 2023/11/22 - 16:37:00 | 200 |            0s |             ::1 | OPTIONS  "/api/layout/info"
[GIN] 2023/11/22 - 16:37:00 | 200 |      1.5494ms |             ::1 | GET      "/api/layout/info"
[GIN] 2023/11/22 - 16:37:01 | 200 |            0s |             ::1 | OPTIONS  "/api/layout/info"
[GIN] 2023/11/22 - 16:37:01 | 200 |         833µs |             ::1 | GET      "/api/layout/info"
[GIN] 2023/11/22 - 16:37:02 | 200 |            0s |             ::1 | OPTIONS  "/api/layout/info"
[GIN] 2023/11/22 - 16:37:02 | 200 |       901.5µs |             ::1 | GET      "/api/layout/info"
[GIN] 2023/11/22 - 16:37:03 | 200 |            0s |             ::1 | OPTIONS  "/api/layout/info"
[GIN] 2023/11/22 - 16:37:03 | 200 |      1.5654ms |             ::1 | GET      "/api/layout/info"
[GIN] 2023/11/22 - 16:37:04 | 200 |            0s |             ::1 | OPTIONS  "/api/layout/info"
[GIN] 2023/11/22 - 16:37:04 | 200 |       1.595ms |             ::1 | GET      "/api/layout/info"
[GIN] 2023/11/22 - 16:37:05 | 200 |            0s |             ::1 | OPTIONS  "/api/layout/info"
[GIN] 2023/11/22 - 16:37:05 | 200 |      1.8964ms |             ::1 | GET      "/api/layout/info"
[GIN] 2023/11/22 - 16:37:06 | 200 |       975.5µs |             ::1 | OPTIONS  "/api/layout/info"
[GIN] 2023/11/22 - 16:37:06 | 200 |      1.0251ms |             ::1 | GET      "/api/layout/info"
[GIN] 2023/11/22 - 16:37:07 | 200 |            0s |             ::1 | OPTIONS  "/api/layout/info"
[GIN] 2023/11/22 - 16:37:07 | 200 |      1.2905ms |             ::1 | GET      "/api/layout/info"
[GIN] 2023/11/22 - 16:37:08 | 200 |            0s |             ::1 | OPTIONS  "/api/layout/info"
[GIN] 2023/11/22 - 16:37:08 | 200 |      1.2476ms |             ::1 | GET      "/api/layout/info"
[GIN] 2023/11/22 - 16:37:09 | 200 |            0s |             ::1 | OPTIONS  "/api/layout/info"
[GIN] 2023/11/22 - 16:37:09 | 200 |      1.2883ms |             ::1 | GET      "/api/layout/info"
[GIN] 2023/11/22 - 16:37:10 | 200 |            0s |             ::1 | OPTIONS  "/api/layout/info"
[GIN] 2023/11/22 - 16:37:10 | 200 |      1.3589ms |             ::1 | GET      "/api/layout/info"
[GIN] 2023/11/22 - 16:37:11 | 200 |            0s |             ::1 | OPTIONS  "/api/layout/info"
[GIN] 2023/11/22 - 16:37:11 | 200 |       1.305ms |             ::1 | GET      "/api/layout/info"
[GIN] 2023/11/22 - 16:37:16 | 200 |            0s |             ::1 | OPTIONS  "/api/layout/info"
[GIN] 2023/11/22 - 16:37:16 | 200 |       651.5µs |             ::1 | GET      "/api/layout/info"
[GIN] 2023/11/22 - 16:37:19 | 200 |            0s |             ::1 | OPTIONS  "/api/layout/info"
[GIN] 2023/11/22 - 16:37:19 | 200 |      1.7021ms |             ::1 | GET      "/api/layout/info"
[GIN] 2023/11/22 - 16:37:22 | 200 |            0s |             ::1 | OPTIONS  "/api/layout/info"
[GIN] 2023/11/22 - 16:37:22 | 200 |      1.1539ms |             ::1 | GET      "/api/layout/info"
[GIN] 2023/11/22 - 16:37:25 | 200 |            0s |             ::1 | OPTIONS  "/api/layout/info"
[GIN] 2023/11/22 - 16:37:25 | 200 |      1.4402ms |             ::1 | GET      "/api/layout/info"
[GIN] 2023/11/22 - 16:37:28 | 200 |            0s |             ::1 | OPTIONS  "/api/layout/info"
[GIN] 2023/11/22 - 16:37:28 | 200 |      1.6031ms |             ::1 | GET      "/api/layout/info"
[GIN] 2023/11/22 - 16:37:31 | 200 |            0s |             ::1 | OPTIONS  "/api/layout/info"
[GIN] 2023/11/22 - 16:37:31 | 200 |      1.2241ms |             ::1 | GET      "/api/layout/info"
[GIN] 2023/11/22 - 16:37:34 | 200 |            0s |             ::1 | OPTIONS  "/api/layout/info"
[GIN] 2023/11/22 - 16:37:34 | 200 |        1.63ms |             ::1 | GET      "/api/layout/info"
[GIN] 2023/11/22 - 16:37:37 | 200 |            0s |             ::1 | OPTIONS  "/api/layout/info"
[GIN] 2023/11/22 - 16:37:37 | 200 |       584.9µs |             ::1 | GET      "/api/layout/info"
[GIN] 2023/11/22 - 16:37:40 | 200 |            0s |             ::1 | OPTIONS  "/api/layout/info"
[GIN] 2023/11/22 - 16:37:40 | 200 |       1.404ms |             ::1 | GET      "/api/layout/info"
[GIN] 2023/11/22 - 16:37:43 | 200 |            0s |             ::1 | OPTIONS  "/api/layout/info"
[GIN] 2023/11/22 - 16:37:43 | 200 |       643.9µs |             ::1 | GET      "/api/layout/info"
[GIN] 2023/11/22 - 16:37:46 | 200 |            0s |             ::1 | OPTIONS  "/api/layout/info"
[GIN] 2023/11/22 - 16:37:46 | 200 |      1.5876ms |             ::1 | GET      "/api/layout/info"
[GIN] 2023/11/22 - 16:37:49 | 200 |            0s |             ::1 | OPTIONS  "/api/layout/info"
[GIN] 2023/11/22 - 16:37:49 | 200 |       986.5µs |             ::1 | GET      "/api/layout/info"
[GIN] 2023/11/22 - 16:37:52 | 200 |            0s |             ::1 | OPTIONS  "/api/layout/info"
[GIN] 2023/11/22 - 16:37:52 | 200 |       817.6µs |             ::1 | GET      "/api/layout/info"
[GIN] 2023/11/22 - 16:37:55 | 200 |            0s |             ::1 | OPTIONS  "/api/layout/info"
[GIN] 2023/11/22 - 16:37:55 | 200 |       696.5µs |             ::1 | GET      "/api/layout/info"
[GIN] 2023/11/22 - 16:37:58 | 200 |            0s |             ::1 | OPTIONS  "/api/layout/info"
[GIN] 2023/11/22 - 16:37:58 | 200 |      1.5115ms |             ::1 | GET      "/api/layout/info"
[GIN] 2023/11/22 - 16:38:01 | 200 |            0s |             ::1 | OPTIONS  "/api/layout/info"
[GIN] 2023/11/22 - 16:38:01 | 200 |       1.512ms |             ::1 | GET      "/api/layout/info"
[GIN] 2023/11/22 - 16:38:04 | 200 |            0s |             ::1 | OPTIONS  "/api/layout/info"
[GIN] 2023/11/22 - 16:38:04 | 200 |      1.5397ms |             ::1 | GET      "/api/layout/info"
[GIN] 2023/11/22 - 16:38:07 | 200 |            0s |             ::1 | OPTIONS  "/api/layout/info"
[GIN] 2023/11/22 - 16:38:07 | 200 |       635.6µs |             ::1 | GET      "/api/layout/info"
[GIN] 2023/11/22 - 16:38:10 | 200 |            0s |             ::1 | OPTIONS  "/api/layout/info"
[GIN] 2023/11/22 - 16:38:10 | 200 |       723.8µs |             ::1 | GET      "/api/layout/info"
[GIN] 2023/11/22 - 16:38:13 | 200 |            0s |             ::1 | OPTIONS  "/api/layout/info"
[GIN] 2023/11/22 - 16:38:13 | 200 |       575.4µs |             ::1 | GET      "/api/layout/info"
[GIN] 2023/11/22 - 16:38:16 | 200 |            0s |             ::1 | OPTIONS  "/api/layout/info"
[GIN] 2023/11/22 - 16:38:16 | 200 |       721.7µs |             ::1 | GET      "/api/layout/info"
[GIN] 2023/11/22 - 16:38:19 | 200 |            0s |             ::1 | OPTIONS  "/api/layout/info"
[GIN] 2023/11/22 - 16:38:19 | 200 |      1.4946ms |             ::1 | GET      "/api/layout/info"
[GIN] 2023/11/22 - 16:38:22 | 200 |            0s |             ::1 | OPTIONS  "/api/layout/info"
[GIN] 2023/11/22 - 16:38:22 | 200 |       904.1µs |             ::1 | GET      "/api/layout/info"
[GIN] 2023/11/22 - 16:38:25 | 200 |            0s |             ::1 | OPTIONS  "/api/layout/info"
[GIN] 2023/11/22 - 16:38:25 | 200 |       695.7µs |             ::1 | GET      "/api/layout/info"
[GIN] 2023/11/22 - 16:38:28 | 200 |            0s |             ::1 | OPTIONS  "/api/layout/info"
[GIN] 2023/11/22 - 16:38:28 | 200 |      1.4638ms |             ::1 | GET      "/api/layout/info"
[GIN] 2023/11/22 - 16:38:31 | 200 |            0s |             ::1 | OPTIONS  "/api/layout/info"
[GIN] 2023/11/22 - 16:38:31 | 200 |       565.2µs |             ::1 | GET      "/api/layout/info"
[GIN] 2023/11/22 - 16:38:34 | 200 |            0s |             ::1 | OPTIONS  "/api/layout/info"
[GIN] 2023/11/22 - 16:38:34 | 200 |      1.5056ms |             ::1 | GET      "/api/layout/info"
[GIN] 2023/11/22 - 16:38:37 | 200 |            0s |             ::1 | OPTIONS  "/api/layout/info"
[GIN] 2023/11/22 - 16:38:37 | 200 |       593.4µs |             ::1 | GET      "/api/layout/info"
[GIN] 2023/11/22 - 16:38:40 | 200 |            0s |             ::1 | OPTIONS  "/api/layout/info"
[GIN] 2023/11/22 - 16:38:40 | 200 |      1.4617ms |             ::1 | GET      "/api/layout/info"
[GIN] 2023/11/22 - 16:38:43 | 200 |            0s |             ::1 | OPTIONS  "/api/layout/info"
[GIN] 2023/11/22 - 16:38:43 | 200 |      1.6967ms |             ::1 | GET      "/api/layout/info"
[GIN] 2023/11/22 - 16:38:46 | 200 |            0s |             ::1 | OPTIONS  "/api/layout/info"
[GIN] 2023/11/22 - 16:38:46 | 200 |      1.6708ms |             ::1 | GET      "/api/layout/info"
[GIN] 2023/11/22 - 16:38:49 | 200 |            0s |             ::1 | OPTIONS  "/api/layout/info"
[GIN] 2023/11/22 - 16:38:49 | 200 |      1.3242ms |             ::1 | GET      "/api/layout/info"
[GIN] 2023/11/22 - 16:38:52 | 200 |            0s |             ::1 | OPTIONS  "/api/layout/info"
[GIN] 2023/11/22 - 16:38:52 | 200 |      1.6543ms |             ::1 | GET      "/api/layout/info"
[GIN] 2023/11/22 - 16:38:55 | 200 |            0s |             ::1 | OPTIONS  "/api/layout/info"
[GIN] 2023/11/22 - 16:38:55 | 200 |      1.4275ms |             ::1 | GET      "/api/layout/info"
[GIN] 2023/11/22 - 16:38:58 | 200 |            0s |             ::1 | OPTIONS  "/api/layout/info"
[GIN] 2023/11/22 - 16:38:58 | 200 |       752.9µs |             ::1 | GET      "/api/layout/info"
[GIN] 2023/11/22 - 16:38:58 | 200 |            0s |             ::1 | OPTIONS  "/api/layout/info"
[GIN] 2023/11/22 - 16:38:58 | 200 |      1.2272ms |             ::1 | GET      "/api/layout/info"
[GIN] 2023/11/22 - 16:39:04 | 200 |            0s |             ::1 | OPTIONS  "/api/layout/info"
[GIN] 2023/11/22 - 16:39:04 | 200 |       633.7µs |             ::1 | GET      "/api/layout/info"
[GIN] 2023/11/22 - 16:39:20 | 200 |            0s |             ::1 | OPTIONS  "/api/layout/info"
[GIN] 2023/11/22 - 16:39:20 | 200 |      1.2572ms |             ::1 | GET      "/api/layout/info"
[GIN] 2023/11/22 - 16:39:22 | 200 |            0s |             ::1 | OPTIONS  "/api/layout/info"
[GIN] 2023/11/22 - 16:39:22 | 200 |        1.36ms |             ::1 | GET      "/api/layout/info"
[GIN] 2023/11/22 - 16:41:40 | 200 |            0s |             ::1 | OPTIONS  "/api/auth/login"
[GIN] 2023/11/22 - 16:41:41 | 200 |     55.2494ms |             ::1 | POST     "/api/auth/login"
[GIN] 2023/11/22 - 16:41:41 | 200 |            0s |             ::1 | OPTIONS  "/api/auth/info"
[GIN] 2023/11/22 - 16:41:41 | 200 |      1.5103ms |             ::1 | GET      "/api/auth/info"
[GIN] 2023/11/22 - 16:41:43 | 200 |            0s |             ::1 | OPTIONS  "/api/trail/info?Controller_type=%E8%BD%A8%E9%81%93"
[GIN] 2023/11/22 - 16:41:43 | 200 |      1.3122ms |             ::1 | GET      "/api/trail/info?Controller_type=%E8%BD%A8%E9%81%93"
[GIN] 2023/11/22 - 16:41:49 | 200 |            0s |             ::1 | OPTIONS  "/api/layout/info"
[GIN] 2023/11/22 - 16:41:49 | 200 |      1.0135ms |             ::1 | GET      "/api/layout/info"
[GIN] 2023/11/22 - 16:42:13 | 200 |            0s |             ::1 | OPTIONS  "/api/layout/info"
[GIN] 2023/11/22 - 16:42:13 | 200 |      1.5636ms |             ::1 | GET      "/api/layout/info"
[GIN] 2023/11/22 - 16:42:21 | 200 |            0s |             ::1 | OPTIONS  "/api/layout/info"
[GIN] 2023/11/22 - 16:42:21 | 200 |       728.9µs |             ::1 | GET      "/api/layout/info"
[GIN] 2023/11/22 - 16:42:35 | 200 |            0s |             ::1 | OPTIONS  "/api/layout/info"
[GIN] 2023/11/22 - 16:42:35 | 200 |      1.4513ms |             ::1 | GET      "/api/layout/info"
[GIN] 2023/11/22 - 16:42:37 | 200 |            0s |             ::1 | OPTIONS  "/api/layout/info"
[GIN] 2023/11/22 - 16:42:37 | 200 |         948µs |             ::1 | GET      "/api/layout/info"
[GIN] 2023/11/22 - 16:49:35 | 200 |            0s |             ::1 | OPTIONS  "/api/layout/info"
[GIN] 2023/11/22 - 16:49:35 | 200 |      1.3128ms |             ::1 | GET      "/api/layout/info"
[GIN] 2023/11/22 - 16:49:39 | 200 |            0s |             ::1 | OPTIONS  "/api/layout/info"
[GIN] 2023/11/22 - 16:49:39 | 200 |       1.304ms |             ::1 | GET      "/api/layout/info"
[GIN] 2023/11/22 - 16:49:42 | 200 |            0s |             ::1 | OPTIONS  "/api/layout/info"
[GIN] 2023/11/22 - 16:49:42 | 200 |      1.0198ms |             ::1 | GET      "/api/layout/info"
[GIN] 2023/11/22 - 16:49:45 | 200 |            0s |             ::1 | OPTIONS  "/api/layout/info"
[GIN] 2023/11/22 - 16:49:45 | 200 |      1.5423ms |             ::1 | GET      "/api/layout/info"
[GIN] 2023/11/22 - 16:49:48 | 200 |            0s |             ::1 | OPTIONS  "/api/layout/info"
[GIN] 2023/11/22 - 16:49:48 | 200 |        1.56ms |             ::1 | GET      "/api/layout/info"
[GIN] 2023/11/22 - 16:49:51 | 200 |            0s |             ::1 | OPTIONS  "/api/layout/info"
[GIN] 2023/11/22 - 16:49:51 | 200 |       641.1µs |             ::1 | GET      "/api/layout/info"
[GIN] 2023/11/22 - 16:49:54 | 200 |      1.2728ms |             ::1 | OPTIONS  "/api/layout/info"
[GIN] 2023/11/22 - 16:49:54 | 200 |       1.555ms |             ::1 | GET      "/api/layout/info"
[GIN] 2023/11/22 - 16:49:57 | 200 |            0s |             ::1 | OPTIONS  "/api/layout/info"
[GIN] 2023/11/22 - 16:49:57 | 200 |       624.6µs |             ::1 | GET      "/api/layout/info"
[GIN] 2023/11/22 - 16:50:00 | 200 |            0s |             ::1 | OPTIONS  "/api/layout/info"
[GIN] 2023/11/22 - 16:50:00 | 200 |      1.2958ms |             ::1 | GET      "/api/layout/info"
[GIN] 2023/11/22 - 16:50:03 | 200 |            0s |             ::1 | OPTIONS  "/api/layout/info"
[GIN] 2023/11/22 - 16:50:03 | 200 |      1.6655ms |             ::1 | GET      "/api/layout/info"
[GIN] 2023/11/22 - 16:50:13 | 200 |            0s |             ::1 | OPTIONS  "/api/trail/info?Controller_type=%E8%BD%A8%E9%81%93"
[GIN] 2023/11/22 - 16:50:13 | 200 |      1.8148ms |             ::1 | GET      "/api/trail/info?Controller_type=%E8%BD%A8%E9%81%93"
[GIN] 2023/11/22 - 16:50:17 | 200 |            0s |             ::1 | OPTIONS  "/api/layout/info"
[GIN] 2023/11/22 - 16:50:17 | 200 |       614.4µs |             ::1 | GET      "/api/layout/info"
[GIN] 2023/11/22 - 16:50:20 | 200 |            0s |             ::1 | OPTIONS  "/api/layout/info"
[GIN] 2023/11/22 - 16:50:20 | 200 |         713µs |             ::1 | GET      "/api/layout/info"
[GIN] 2023/11/22 - 16:50:23 | 200 |            0s |             ::1 | OPTIONS  "/api/layout/info"
[GIN] 2023/11/22 - 16:50:23 | 200 |       757.1µs |             ::1 | GET      "/api/layout/info"
[GIN] 2023/11/22 - 16:50:26 | 200 |      1.2319ms |             ::1 | OPTIONS  "/api/layout/info"
[GIN] 2023/11/22 - 16:50:26 | 200 |      1.6672ms |             ::1 | GET      "/api/layout/info"
[GIN] 2023/11/22 - 16:50:29 | 200 |            0s |             ::1 | OPTIONS  "/api/layout/info"
[GIN] 2023/11/22 - 16:50:29 | 200 |       1.254ms |             ::1 | GET      "/api/layout/info"
[GIN] 2023/11/22 - 16:50:32 | 200 |            0s |             ::1 | OPTIONS  "/api/layout/info"
[GIN] 2023/11/22 - 16:50:32 | 200 |      1.7048ms |             ::1 | GET      "/api/layout/info"
[GIN] 2023/11/22 - 16:50:35 | 200 |            0s |             ::1 | OPTIONS  "/api/layout/info"
[GIN] 2023/11/22 - 16:50:35 | 200 |      1.4023ms |             ::1 | GET      "/api/layout/info"
[GIN] 2023/11/22 - 16:50:38 | 200 |            0s |             ::1 | OPTIONS  "/api/layout/info"
[GIN] 2023/11/22 - 16:50:38 | 200 |      1.3257ms |             ::1 | GET      "/api/layout/info"
[GIN] 2023/11/22 - 16:50:41 | 200 |            0s |             ::1 | OPTIONS  "/api/layout/info"
[GIN] 2023/11/22 - 16:50:41 | 200 |      1.2743ms |             ::1 | GET      "/api/layout/info"
[GIN] 2023/11/22 - 16:50:44 | 200 |            0s |             ::1 | OPTIONS  "/api/layout/info"
[GIN] 2023/11/22 - 16:50:44 | 200 |       571.9µs |             ::1 | GET      "/api/layout/info"
[GIN] 2023/11/22 - 16:50:47 | 200 |            0s |             ::1 | OPTIONS  "/api/layout/info"
[GIN] 2023/11/22 - 16:50:47 | 200 |       707.2µs |             ::1 | GET      "/api/layout/info"
[GIN] 2023/11/22 - 16:50:50 | 200 |            0s |             ::1 | OPTIONS  "/api/layout/info"
[GIN] 2023/11/22 - 16:50:50 | 200 |      1.0624ms |             ::1 | GET      "/api/layout/info"
[GIN] 2023/11/22 - 16:50:53 | 200 |            0s |             ::1 | OPTIONS  "/api/layout/info"
[GIN] 2023/11/22 - 16:50:53 | 200 |      1.3201ms |             ::1 | GET      "/api/layout/info"
[GIN] 2023/11/22 - 16:50:56 | 200 |            0s |             ::1 | OPTIONS  "/api/layout/info"
[GIN] 2023/11/22 - 16:50:56 | 200 |      1.5073ms |             ::1 | GET      "/api/layout/info"
[GIN] 2023/11/22 - 16:50:59 | 200 |            0s |             ::1 | OPTIONS  "/api/layout/info"
[GIN] 2023/11/22 - 16:50:59 | 200 |       1.714ms |             ::1 | GET      "/api/layout/info"
[GIN] 2023/11/22 - 16:51:02 | 200 |            0s |             ::1 | OPTIONS  "/api/layout/info"
[GIN] 2023/11/22 - 16:51:02 | 200 |       614.4µs |             ::1 | GET      "/api/layout/info"
[GIN] 2023/11/22 - 16:51:05 | 200 |            0s |             ::1 | OPTIONS  "/api/layout/info"
[GIN] 2023/11/22 - 16:51:05 | 200 |       587.4µs |             ::1 | GET      "/api/layout/info"
[GIN] 2023/11/22 - 16:51:08 | 200 |            0s |             ::1 | OPTIONS  "/api/layout/info"
[GIN] 2023/11/22 - 16:51:08 | 200 |      1.4907ms |             ::1 | GET      "/api/layout/info"
[GIN] 2023/11/22 - 16:51:12 | 200 |            0s |             ::1 | OPTIONS  "/api/layout/info"
[GIN] 2023/11/22 - 16:51:12 | 200 |       1.444ms |             ::1 | GET      "/api/layout/info"
[GIN] 2023/11/22 - 16:51:15 | 200 |            0s |             ::1 | OPTIONS  "/api/layout/info"
[GIN] 2023/11/22 - 16:51:15 | 200 |      1.2984ms |             ::1 | GET      "/api/layout/info"
[GIN] 2023/11/22 - 16:51:18 | 200 |            0s |             ::1 | OPTIONS  "/api/layout/info"
[GIN] 2023/11/22 - 16:51:18 | 200 |      1.2505ms |             ::1 | GET      "/api/layout/info"
[GIN] 2023/11/22 - 16:51:21 | 200 |            0s |             ::1 | OPTIONS  "/api/layout/info"
[GIN] 2023/11/22 - 16:51:21 | 200 |      1.0043ms |             ::1 | GET      "/api/layout/info"
[GIN] 2023/11/22 - 16:51:24 | 200 |            0s |             ::1 | OPTIONS  "/api/layout/info"
[GIN] 2023/11/22 - 16:51:24 | 200 |      1.3545ms |             ::1 | GET      "/api/layout/info"
[GIN] 2023/11/22 - 16:51:27 | 200 |            0s |             ::1 | OPTIONS  "/api/layout/info"
[GIN] 2023/11/22 - 16:51:27 | 200 |       689.1µs |             ::1 | GET      "/api/layout/info"
[GIN] 2023/11/22 - 16:51:30 | 200 |            0s |             ::1 | OPTIONS  "/api/layout/info"
[GIN] 2023/11/22 - 16:51:30 | 200 |      1.4821ms |             ::1 | GET      "/api/layout/info"
[GIN] 2023/11/22 - 16:51:33 | 200 |            0s |             ::1 | OPTIONS  "/api/layout/info"
[GIN] 2023/11/22 - 16:51:33 | 200 |      1.3703ms |             ::1 | GET      "/api/layout/info"
[GIN] 2023/11/22 - 16:51:36 | 200 |            0s |             ::1 | OPTIONS  "/api/layout/info"
[GIN] 2023/11/22 - 16:51:36 | 200 |      1.3007ms |             ::1 | GET      "/api/layout/info"
[GIN] 2023/11/22 - 16:51:39 | 200 |            0s |             ::1 | OPTIONS  "/api/layout/info"
[GIN] 2023/11/22 - 16:51:39 | 200 |       661.8µs |             ::1 | GET      "/api/layout/info"
[GIN] 2023/11/22 - 16:51:42 | 200 |            0s |             ::1 | OPTIONS  "/api/layout/info"
[GIN] 2023/11/22 - 16:51:42 | 200 |         650µs |             ::1 | GET      "/api/layout/info"
[GIN] 2023/11/22 - 16:51:45 | 200 |            0s |             ::1 | OPTIONS  "/api/layout/info"
[GIN] 2023/11/22 - 16:51:45 | 200 |      1.1538ms |             ::1 | GET      "/api/layout/info"
[GIN] 2023/11/22 - 16:51:48 | 200 |            0s |             ::1 | OPTIONS  "/api/layout/info"
[GIN] 2023/11/22 - 16:51:48 | 200 |       653.4µs |             ::1 | GET      "/api/layout/info"
[GIN] 2023/11/22 - 16:51:51 | 200 |            0s |             ::1 | OPTIONS  "/api/layout/info"
[GIN] 2023/11/22 - 16:51:51 | 200 |       550.9µs |             ::1 | GET      "/api/layout/info"
[GIN] 2023/11/22 - 16:51:54 | 200 |            0s |             ::1 | OPTIONS  "/api/layout/info"
[GIN] 2023/11/22 - 16:51:54 | 200 |      1.1682ms |             ::1 | GET      "/api/layout/info"
[GIN] 2023/11/22 - 16:51:57 | 200 |            0s |             ::1 | OPTIONS  "/api/layout/info"
[GIN] 2023/11/22 - 16:51:57 | 200 |      1.0161ms |             ::1 | GET      "/api/layout/info"
[GIN] 2023/11/22 - 16:52:00 | 200 |            0s |             ::1 | OPTIONS  "/api/layout/info"
[GIN] 2023/11/22 - 16:52:00 | 200 |      1.1057ms |             ::1 | GET      "/api/layout/info"
[GIN] 2023/11/22 - 16:52:03 | 200 |            0s |             ::1 | OPTIONS  "/api/layout/info"
[GIN] 2023/11/22 - 16:52:03 | 200 |      1.4019ms |             ::1 | GET      "/api/layout/info"
[GIN] 2023/11/22 - 16:52:06 | 200 |            0s |             ::1 | OPTIONS  "/api/layout/info"
[GIN] 2023/11/22 - 16:52:06 | 200 |      1.2125ms |             ::1 | GET      "/api/layout/info"
[GIN] 2023/11/22 - 16:52:09 | 200 |            0s |             ::1 | OPTIONS  "/api/layout/info"
[GIN] 2023/11/22 - 16:52:09 | 200 |        1.24ms |             ::1 | GET      "/api/layout/info"
[GIN] 2023/11/22 - 16:52:12 | 200 |            0s |             ::1 | OPTIONS  "/api/layout/info"
[GIN] 2023/11/22 - 16:52:12 | 200 |      1.3626ms |             ::1 | GET      "/api/layout/info"
[GIN] 2023/11/22 - 16:52:15 | 200 |            0s |             ::1 | OPTIONS  "/api/layout/info"
[GIN] 2023/11/22 - 16:52:15 | 200 |      1.4106ms |             ::1 | GET      "/api/layout/info"
[GIN] 2023/11/22 - 16:52:18 | 200 |            0s |             ::1 | OPTIONS  "/api/layout/info"
[GIN] 2023/11/22 - 16:52:18 | 200 |       884.8µs |             ::1 | GET      "/api/layout/info"
[GIN] 2023/11/22 - 16:52:21 | 200 |            0s |             ::1 | OPTIONS  "/api/layout/info"
[GIN] 2023/11/22 - 16:52:21 | 200 |      1.3996ms |             ::1 | GET      "/api/layout/info"
[GIN] 2023/11/22 - 16:52:24 | 200 |            0s |             ::1 | OPTIONS  "/api/layout/info"
[GIN] 2023/11/22 - 16:52:24 | 200 |      1.0828ms |             ::1 | GET      "/api/layout/info"
[GIN] 2023/11/22 - 16:52:27 | 200 |            0s |             ::1 | OPTIONS  "/api/layout/info"
[GIN] 2023/11/22 - 16:52:27 | 200 |       664.7µs |             ::1 | GET      "/api/layout/info"
[GIN] 2023/11/22 - 16:52:30 | 200 |            0s |             ::1 | OPTIONS  "/api/layout/info"
[GIN] 2023/11/22 - 16:52:30 | 200 |         679µs |             ::1 | GET      "/api/layout/info"
[GIN] 2023/11/22 - 16:52:33 | 200 |            0s |             ::1 | OPTIONS  "/api/layout/info"
[GIN] 2023/11/22 - 16:52:33 | 200 |       801.8µs |             ::1 | GET      "/api/layout/info"
[GIN] 2023/11/22 - 16:52:36 | 200 |            0s |             ::1 | OPTIONS  "/api/layout/info"
[GIN] 2023/11/22 - 16:52:36 | 200 |       1.312ms |             ::1 | GET      "/api/layout/info"
[GIN] 2023/11/22 - 16:52:39 | 200 |            0s |             ::1 | OPTIONS  "/api/layout/info"
[GIN] 2023/11/22 - 16:52:39 | 200 |      1.1877ms |             ::1 | GET      "/api/layout/info"
[GIN] 2023/11/22 - 16:52:42 | 200 |            0s |             ::1 | OPTIONS  "/api/layout/info"
[GIN] 2023/11/22 - 16:52:42 | 200 |      1.0698ms |             ::1 | GET      "/api/layout/info"
[GIN] 2023/11/22 - 16:52:45 | 200 |            0s |             ::1 | OPTIONS  "/api/layout/info"
[GIN] 2023/11/22 - 16:52:45 | 200 |      1.1245ms |             ::1 | GET      "/api/layout/info"
[GIN] 2023/11/22 - 16:52:48 | 200 |            0s |             ::1 | OPTIONS  "/api/layout/info"
[GIN] 2023/11/22 - 16:52:48 | 200 |        1.24ms |             ::1 | GET      "/api/layout/info"
[GIN] 2023/11/22 - 16:52:51 | 200 |            0s |             ::1 | OPTIONS  "/api/layout/info"
[GIN] 2023/11/22 - 16:52:51 | 200 |       703.4µs |             ::1 | GET      "/api/layout/info"
[GIN] 2023/11/22 - 16:52:52 | 200 |            0s |             ::1 | OPTIONS  "/api/trail/info?Controller_type=%E8%BD%A8%E9%81%93"
[GIN] 2023/11/22 - 16:52:52 | 200 |      1.9564ms |             ::1 | GET      "/api/trail/info?Controller_type=%E8%BD%A8%E9%81%93"
